{
  "stats": {
    "suites": 1,
    "tests": 1,
    "passes": 1,
    "pending": 0,
    "failures": 0,
    "start": "2025-01-30T19:00:04.569Z",
    "end": "2025-01-30T19:00:07.626Z",
    "duration": 3057,
    "testsRegistered": 1,
    "passPercent": 100,
    "pendingPercent": 0,
    "other": 0,
    "hasOther": false,
    "skipped": 0,
    "hasSkipped": false
  },
  "results": [
    {
      "uuid": "fe173a16-cf28-4651-8e3d-8c65dd8ad91f",
      "title": "",
      "fullFile": "cypress/tests/e2e/visitPage.cy.js",
      "file": "cypress/tests/e2e/visitPage.cy.js",
      "beforeHooks": [],
      "afterHooks": [],
      "tests": [],
      "suites": [
        {
          "uuid": "149ded7a-927f-4853-9ee2-1d355a013c52",
          "title": "Visit the Serverest Frontend",
          "fullFile": "",
          "file": "",
          "beforeHooks": [],
          "afterHooks": [],
          "tests": [
            {
              "title": "Should successfully load the homepage",
              "fullTitle": "Visit the Serverest Frontend Should successfully load the homepage",
              "timedOut": null,
              "duration": 3008,
              "state": "passed",
              "speed": "fast",
              "pass": true,
              "fail": false,
              "pending": false,
              "context": null,
              "code": "cy.visit('/');\ncy.title().should('include', 'ServeRest'); // Verify page title",
              "err": {},
              "uuid": "1351b564-07e8-492b-b620-3d2738209347",
              "parentUUID": "149ded7a-927f-4853-9ee2-1d355a013c52",
              "isHook": false,
              "skipped": false
            }
          ],
          "suites": [],
          "passes": [
            "1351b564-07e8-492b-b620-3d2738209347"
          ],
          "failures": [],
          "pending": [],
          "skipped": [],
          "duration": 3008,
          "root": false,
          "rootEmpty": false,
          "_timeout": 2000
        }
      ],
      "passes": [],
      "failures": [],
      "pending": [],
      "skipped": [],
      "duration": 0,
      "root": true,
      "rootEmpty": true,
      "_timeout": 2000
    }
  ],
  "meta": {
    "mocha": {
      "version": "7.0.1"
    },
    "mochawesome": {
      "options": {
        "quiet": false,
        "reportFilename": "mochawesome",
        "saveHtml": true,
        "saveJson": true,
        "consoleReporter": "spec",
        "useInlineDiffs": false,
        "code": true
      },
      "version": "7.1.3"
    },
    "marge": {
      "options": {
        "reportDir": "cypress/reports",
        "overwrite": false,
        "html": true,
        "json": true
      },
      "version": "6.2.0"
    }
  }
}