{
  "stats": {
    "suites": 1,
    "tests": 1,
    "passes": 0,
    "pending": 0,
    "failures": 1,
    "start": "2025-01-30T19:03:21.597Z",
    "end": "2025-01-30T19:03:28.066Z",
    "duration": 6469,
    "testsRegistered": 1,
    "passPercent": 0,
    "pendingPercent": 0,
    "other": 0,
    "hasOther": false,
    "skipped": 0,
    "hasSkipped": false
  },
  "results": [
    {
      "uuid": "fb097de2-847f-4fa4-814f-7dde9d151550",
      "title": "",
      "fullFile": "cypress/tests/e2e/registerUser.cy.js",
      "file": "cypress/tests/e2e/registerUser.cy.js",
      "beforeHooks": [],
      "afterHooks": [],
      "tests": [],
      "suites": [
        {
          "uuid": "fe1fc0dd-43a0-4f5f-a7ac-e1ef09ed19aa",
          "title": "User Registration",
          "fullFile": "",
          "file": "",
          "beforeHooks": [],
          "afterHooks": [],
          "tests": [
            {
              "title": "Should register a new user",
              "fullTitle": "User Registration Should register a new user",
              "timedOut": null,
              "duration": 6439,
              "state": "failed",
              "speed": null,
              "pass": false,
              "fail": true,
              "pending": false,
              "context": null,
              "code": "cy.visit('/register');\n// Fill out the registration form\ncy.get('[data-test=\"nome\"]').type('Test User');\ncy.get('[data-test=\"email\"]').type('testusereverest0130@yopmail.com');\ncy.get('[data-test=\"password\"]').type('Test@123');\ncy.get('[data-test=\"register\"]').click();\n// Assert that registration was successful\ncy.contains('Cadastro realizado com sucesso').should('be.visible');",
              "err": {
                "message": "AssertionError: Timed out retrying after 4000ms: Expected to find element: `[data-test=\"nome\"]`, but never found it.",
                "estack": "AssertionError: Timed out retrying after 4000ms: Expected to find element: `[data-test=\"nome\"]`, but never found it.\n    at Context.eval (webpack://automation-challenge/./cypress/tests/e2e/registerUser.cy.js:6:9)",
                "diff": null
              },
              "uuid": "8494ca05-a49b-455a-b1e8-2c8b4f672c76",
              "parentUUID": "fe1fc0dd-43a0-4f5f-a7ac-e1ef09ed19aa",
              "isHook": false,
              "skipped": false
            }
          ],
          "suites": [],
          "passes": [],
          "failures": [
            "8494ca05-a49b-455a-b1e8-2c8b4f672c76"
          ],
          "pending": [],
          "skipped": [],
          "duration": 6439,
          "root": false,
          "rootEmpty": false,
          "_timeout": 2000
        }
      ],
      "passes": [],
      "failures": [],
      "pending": [],
      "skipped": [],
      "duration": 0,
      "root": true,
      "rootEmpty": true,
      "_timeout": 2000
    }
  ],
  "meta": {
    "mocha": {
      "version": "7.0.1"
    },
    "mochawesome": {
      "options": {
        "quiet": false,
        "reportFilename": "mochawesome",
        "saveHtml": true,
        "saveJson": true,
        "consoleReporter": "spec",
        "useInlineDiffs": false,
        "code": true
      },
      "version": "7.1.3"
    },
    "marge": {
      "options": {
        "reportDir": "cypress/reports",
        "overwrite": false,
        "html": true,
        "json": true
      },
      "version": "6.2.0"
    }
  }
}